{"D:\\hacktiv8\\phase-3\\paceful-server\\app.js": {"path":"D:\\hacktiv8\\phase-3\\paceful-server\\app.js","statementMap":{"0":{"start":{"line":1,"column":0},"end":{"line":3,"column":1}},"1":{"start":{"line":2,"column":2},"end":{"line":2,"column":29}},"2":{"start":{"line":4,"column":16},"end":{"line":4,"column":34}},"3":{"start":{"line":5,"column":13},"end":{"line":5,"column":28}},"4":{"start":{"line":6,"column":21},"end":{"line":6,"column":57}},"5":{"start":{"line":8,"column":12},"end":{"line":8,"column":21}},"6":{"start":{"line":10,"column":0},"end":{"line":10,"column":24}},"7":{"start":{"line":11,"column":0},"end":{"line":11,"column":48}},"8":{"start":{"line":12,"column":0},"end":{"line":12,"column":16}},"9":{"start":{"line":14,"column":0},"end":{"line":14,"column":30}},"10":{"start":{"line":16,"column":0},"end":{"line":16,"column":22}},"11":{"start":{"line":18,"column":0},"end":{"line":18,"column":21}}},"fnMap":{},"branchMap":{"0":{"loc":{"start":{"line":1,"column":0},"end":{"line":3,"column":1}},"type":"if","locations":[{"start":{"line":1,"column":0},"end":{"line":3,"column":1}},{"start":{},"end":{}}],"line":1}},"s":{"0":3,"1":3,"2":3,"3":3,"4":3,"5":3,"6":3,"7":3,"8":3,"9":3,"10":3,"11":3},"f":{},"b":{"0":[3,0]},"_coverageSchema":"1a1c01bbd47fc00a2c39e90264f33305004495a9","hash":"012d9151aaf235723c97a7e12be2a47a74657a94"}
,"D:\\hacktiv8\\phase-3\\paceful-server\\config\\redis.js": {"path":"D:\\hacktiv8\\phase-3\\paceful-server\\config\\redis.js","statementMap":{"0":{"start":{"line":1,"column":14},"end":{"line":1,"column":32}},"1":{"start":{"line":3,"column":14},"end":{"line":9,"column":2}},"2":{"start":{"line":11,"column":0},"end":{"line":11,"column":23}}},"fnMap":{},"branchMap":{},"s":{"0":3,"1":3,"2":3},"f":{},"b":{},"_coverageSchema":"1a1c01bbd47fc00a2c39e90264f33305004495a9","hash":"7cfd3d21d7c79217740284bddffaa4677bbedbed"}
,"D:\\hacktiv8\\phase-3\\paceful-server\\controllers\\ActivityController.js": {"path":"D:\\hacktiv8\\phase-3\\paceful-server\\controllers\\ActivityController.js","statementMap":{"0":{"start":{"line":1,"column":26},"end":{"line":1,"column":65}},"1":{"start":{"line":2,"column":15},"end":{"line":2,"column":35}},"2":{"start":{"line":3,"column":38},"end":{"line":3,"column":59}},"3":{"start":{"line":4,"column":14},"end":{"line":4,"column":40}},"4":{"start":{"line":8,"column":4},"end":{"line":24,"column":5}},"5":{"start":{"line":9,"column":21},"end":{"line":9,"column":65}},"6":{"start":{"line":10,"column":6},"end":{"line":12,"column":7}},"7":{"start":{"line":11,"column":8},"end":{"line":11,"column":44}},"8":{"start":{"line":14,"column":25},"end":{"line":18,"column":8}},"9":{"start":{"line":19,"column":6},"end":{"line":19,"column":79}},"10":{"start":{"line":20,"column":6},"end":{"line":20,"column":27}},"11":{"start":{"line":22,"column":6},"end":{"line":22,"column":25}},"12":{"start":{"line":23,"column":6},"end":{"line":23,"column":18}},"13":{"start":{"line":28,"column":4},"end":{"line":34,"column":5}},"14":{"start":{"line":29,"column":23},"end":{"line":29,"column":35}},"15":{"start":{"line":30,"column":6},"end":{"line":30,"column":25}},"16":{"start":{"line":32,"column":6},"end":{"line":32,"column":25}},"17":{"start":{"line":33,"column":6},"end":{"line":33,"column":18}},"18":{"start":{"line":38,"column":66},"end":{"line":38,"column":74}},"19":{"start":{"line":39,"column":27},"end":{"line":39,"column":64}},"20":{"start":{"line":41,"column":14},"end":{"line":41,"column":43}},"21":{"start":{"line":42,"column":4},"end":{"line":81,"column":5}},"22":{"start":{"line":43,"column":26},"end":{"line":43,"column":159}},"23":{"start":{"line":44,"column":20},"end":{"line":50,"column":8}},"24":{"start":{"line":51,"column":6},"end":{"line":72,"column":7}},"25":{"start":{"line":52,"column":27},"end":{"line":52,"column":44}},"26":{"start":{"line":53,"column":8},"end":{"line":69,"column":9}},"27":{"start":{"line":55,"column":12},"end":{"line":58,"column":13}},"28":{"start":{"line":56,"column":28},"end":{"line":56,"column":69}},"29":{"start":{"line":57,"column":14},"end":{"line":57,"column":36}},"30":{"start":{"line":59,"column":12},"end":{"line":59,"column":18}},"31":{"start":{"line":61,"column":12},"end":{"line":61,"column":49}},"32":{"start":{"line":62,"column":12},"end":{"line":62,"column":18}},"33":{"start":{"line":64,"column":12},"end":{"line":64,"column":55}},"34":{"start":{"line":65,"column":12},"end":{"line":65,"column":18}},"35":{"start":{"line":67,"column":12},"end":{"line":67,"column":49}},"36":{"start":{"line":68,"column":12},"end":{"line":68,"column":18}},"37":{"start":{"line":70,"column":27},"end":{"line":70,"column":59}},"38":{"start":{"line":71,"column":8},"end":{"line":71,"column":137}},"39":{"start":{"line":73,"column":6},"end":{"line":73,"column":23}},"40":{"start":{"line":74,"column":6},"end":{"line":74,"column":51}},"41":{"start":{"line":75,"column":6},"end":{"line":75,"column":46}},"42":{"start":{"line":76,"column":6},"end":{"line":76,"column":40}},"43":{"start":{"line":78,"column":6},"end":{"line":78,"column":25}},"44":{"start":{"line":79,"column":6},"end":{"line":79,"column":25}},"45":{"start":{"line":80,"column":6},"end":{"line":80,"column":18}},"46":{"start":{"line":85,"column":21},"end":{"line":85,"column":33}},"47":{"start":{"line":86,"column":42},"end":{"line":86,"column":50}},"48":{"start":{"line":87,"column":14},"end":{"line":87,"column":43}},"49":{"start":{"line":88,"column":4},"end":{"line":144,"column":5}},"50":{"start":{"line":89,"column":27},"end":{"line":89,"column":50}},"51":{"start":{"line":90,"column":6},"end":{"line":92,"column":7}},"52":{"start":{"line":91,"column":8},"end":{"line":91,"column":73}},"53":{"start":{"line":94,"column":26},"end":{"line":94,"column":43}},"54":{"start":{"line":95,"column":26},"end":{"line":95,"column":43}},"55":{"start":{"line":96,"column":32},"end":{"line":96,"column":55}},"56":{"start":{"line":98,"column":6},"end":{"line":98,"column":80}},"57":{"start":{"line":99,"column":6},"end":{"line":99,"column":80}},"58":{"start":{"line":100,"column":6},"end":{"line":100,"column":47}},"59":{"start":{"line":101,"column":6},"end":{"line":101,"column":68}},"60":{"start":{"line":103,"column":6},"end":{"line":103,"column":46}},"61":{"start":{"line":105,"column":20},"end":{"line":111,"column":8}},"62":{"start":{"line":113,"column":6},"end":{"line":135,"column":7}},"63":{"start":{"line":114,"column":27},"end":{"line":114,"column":44}},"64":{"start":{"line":115,"column":8},"end":{"line":132,"column":9}},"65":{"start":{"line":117,"column":12},"end":{"line":121,"column":13}},"66":{"start":{"line":118,"column":31},"end":{"line":118,"column":63}},"67":{"start":{"line":119,"column":31},"end":{"line":119,"column":69}},"68":{"start":{"line":120,"column":14},"end":{"line":120,"column":64}},"69":{"start":{"line":122,"column":12},"end":{"line":122,"column":18}},"70":{"start":{"line":124,"column":12},"end":{"line":124,"column":75}},"71":{"start":{"line":125,"column":12},"end":{"line":125,"column":18}},"72":{"start":{"line":127,"column":12},"end":{"line":127,"column":78}},"73":{"start":{"line":128,"column":12},"end":{"line":128,"column":18}},"74":{"start":{"line":130,"column":12},"end":{"line":130,"column":75}},"75":{"start":{"line":131,"column":12},"end":{"line":131,"column":18}},"76":{"start":{"line":133,"column":27},"end":{"line":133,"column":59}},"77":{"start":{"line":134,"column":8},"end":{"line":134,"column":137}},"78":{"start":{"line":136,"column":6},"end":{"line":136,"column":23}},"79":{"start":{"line":137,"column":6},"end":{"line":137,"column":46}},"80":{"start":{"line":138,"column":6},"end":{"line":138,"column":51}},"81":{"start":{"line":139,"column":6},"end":{"line":139,"column":25}},"82":{"start":{"line":141,"column":6},"end":{"line":141,"column":25}},"83":{"start":{"line":142,"column":6},"end":{"line":142,"column":25}},"84":{"start":{"line":143,"column":6},"end":{"line":143,"column":18}},"85":{"start":{"line":148,"column":21},"end":{"line":148,"column":33}},"86":{"start":{"line":149,"column":14},"end":{"line":149,"column":43}},"87":{"start":{"line":150,"column":4},"end":{"line":197,"column":5}},"88":{"start":{"line":151,"column":26},"end":{"line":151,"column":43}},"89":{"start":{"line":152,"column":26},"end":{"line":152,"column":43}},"90":{"start":{"line":153,"column":32},"end":{"line":153,"column":55}},"91":{"start":{"line":154,"column":6},"end":{"line":154,"column":50}},"92":{"start":{"line":156,"column":20},"end":{"line":162,"column":8}},"93":{"start":{"line":164,"column":6},"end":{"line":188,"column":7}},"94":{"start":{"line":165,"column":27},"end":{"line":165,"column":44}},"95":{"start":{"line":166,"column":8},"end":{"line":182,"column":9}},"96":{"start":{"line":168,"column":12},"end":{"line":171,"column":13}},"97":{"start":{"line":169,"column":31},"end":{"line":169,"column":63}},"98":{"start":{"line":170,"column":14},"end":{"line":170,"column":39}},"99":{"start":{"line":172,"column":12},"end":{"line":172,"column":18}},"100":{"start":{"line":174,"column":12},"end":{"line":174,"column":40}},"101":{"start":{"line":175,"column":12},"end":{"line":175,"column":18}},"102":{"start":{"line":177,"column":12},"end":{"line":177,"column":46}},"103":{"start":{"line":178,"column":12},"end":{"line":178,"column":18}},"104":{"start":{"line":180,"column":12},"end":{"line":180,"column":40}},"105":{"start":{"line":181,"column":12},"end":{"line":181,"column":18}},"106":{"start":{"line":183,"column":8},"end":{"line":185,"column":9}},"107":{"start":{"line":184,"column":10},"end":{"line":184,"column":27}},"108":{"start":{"line":186,"column":27},"end":{"line":186,"column":59}},"109":{"start":{"line":187,"column":8},"end":{"line":187,"column":137}},"110":{"start":{"line":189,"column":6},"end":{"line":189,"column":23}},"111":{"start":{"line":190,"column":6},"end":{"line":190,"column":46}},"112":{"start":{"line":191,"column":6},"end":{"line":191,"column":51}},"113":{"start":{"line":192,"column":6},"end":{"line":192,"column":61}},"114":{"start":{"line":194,"column":6},"end":{"line":194,"column":25}},"115":{"start":{"line":195,"column":6},"end":{"line":195,"column":25}},"116":{"start":{"line":196,"column":6},"end":{"line":196,"column":18}},"117":{"start":{"line":201,"column":0},"end":{"line":201,"column":36}}},"fnMap":{"0":{"name":"(anonymous_0)","decl":{"start":{"line":7,"column":2},"end":{"line":7,"column":3}},"loc":{"start":{"line":7,"column":39},"end":{"line":25,"column":3}},"line":7},"1":{"name":"(anonymous_1)","decl":{"start":{"line":27,"column":2},"end":{"line":27,"column":3}},"loc":{"start":{"line":27,"column":40},"end":{"line":35,"column":3}},"line":27},"2":{"name":"(anonymous_2)","decl":{"start":{"line":37,"column":2},"end":{"line":37,"column":3}},"loc":{"start":{"line":37,"column":38},"end":{"line":82,"column":3}},"line":37},"3":{"name":"(anonymous_3)","decl":{"start":{"line":84,"column":2},"end":{"line":84,"column":3}},"loc":{"start":{"line":84,"column":38},"end":{"line":145,"column":3}},"line":84},"4":{"name":"(anonymous_4)","decl":{"start":{"line":147,"column":2},"end":{"line":147,"column":3}},"loc":{"start":{"line":147,"column":39},"end":{"line":198,"column":3}},"line":147}},"branchMap":{"0":{"loc":{"start":{"line":10,"column":6},"end":{"line":12,"column":7}},"type":"if","locations":[{"start":{"line":10,"column":6},"end":{"line":12,"column":7}},{"start":{},"end":{}}],"line":10},"1":{"loc":{"start":{"line":53,"column":8},"end":{"line":69,"column":9}},"type":"switch","locations":[{"start":{"line":54,"column":10},"end":{"line":59,"column":18}},{"start":{"line":60,"column":10},"end":{"line":62,"column":18}},{"start":{"line":63,"column":10},"end":{"line":65,"column":18}},{"start":{"line":66,"column":10},"end":{"line":68,"column":18}}],"line":53},"2":{"loc":{"start":{"line":55,"column":12},"end":{"line":58,"column":13}},"type":"if","locations":[{"start":{"line":55,"column":12},"end":{"line":58,"column":13}},{"start":{},"end":{}}],"line":55},"3":{"loc":{"start":{"line":55,"column":16},"end":{"line":55,"column":125}},"type":"binary-expr","locations":[{"start":{"line":55,"column":16},"end":{"line":55,"column":50}},{"start":{"line":55,"column":54},"end":{"line":55,"column":88}},{"start":{"line":55,"column":92},"end":{"line":55,"column":125}}],"line":55},"4":{"loc":{"start":{"line":90,"column":6},"end":{"line":92,"column":7}},"type":"if","locations":[{"start":{"line":90,"column":6},"end":{"line":92,"column":7}},{"start":{},"end":{}}],"line":90},"5":{"loc":{"start":{"line":98,"column":26},"end":{"line":98,"column":79}},"type":"cond-expr","locations":[{"start":{"line":98,"column":51},"end":{"line":98,"column":59}},{"start":{"line":98,"column":62},"end":{"line":98,"column":79}}],"line":98},"6":{"loc":{"start":{"line":99,"column":26},"end":{"line":99,"column":79}},"type":"cond-expr","locations":[{"start":{"line":99,"column":51},"end":{"line":99,"column":59}},{"start":{"line":99,"column":62},"end":{"line":99,"column":79}}],"line":99},"7":{"loc":{"start":{"line":101,"column":23},"end":{"line":101,"column":67}},"type":"cond-expr","locations":[{"start":{"line":101,"column":45},"end":{"line":101,"column":50}},{"start":{"line":101,"column":53},"end":{"line":101,"column":67}}],"line":101},"8":{"loc":{"start":{"line":115,"column":8},"end":{"line":132,"column":9}},"type":"switch","locations":[{"start":{"line":116,"column":10},"end":{"line":122,"column":18}},{"start":{"line":123,"column":10},"end":{"line":125,"column":18}},{"start":{"line":126,"column":10},"end":{"line":128,"column":18}},{"start":{"line":129,"column":10},"end":{"line":131,"column":18}}],"line":115},"9":{"loc":{"start":{"line":117,"column":12},"end":{"line":121,"column":13}},"type":"if","locations":[{"start":{"line":117,"column":12},"end":{"line":121,"column":13}},{"start":{},"end":{}}],"line":117},"10":{"loc":{"start":{"line":117,"column":16},"end":{"line":117,"column":116}},"type":"binary-expr","locations":[{"start":{"line":117,"column":16},"end":{"line":117,"column":47}},{"start":{"line":117,"column":51},"end":{"line":117,"column":82}},{"start":{"line":117,"column":86},"end":{"line":117,"column":116}}],"line":117},"11":{"loc":{"start":{"line":166,"column":8},"end":{"line":182,"column":9}},"type":"switch","locations":[{"start":{"line":167,"column":10},"end":{"line":172,"column":18}},{"start":{"line":173,"column":10},"end":{"line":175,"column":18}},{"start":{"line":176,"column":10},"end":{"line":178,"column":18}},{"start":{"line":179,"column":10},"end":{"line":181,"column":18}}],"line":166},"12":{"loc":{"start":{"line":168,"column":12},"end":{"line":171,"column":13}},"type":"if","locations":[{"start":{"line":168,"column":12},"end":{"line":171,"column":13}},{"start":{},"end":{}}],"line":168},"13":{"loc":{"start":{"line":168,"column":16},"end":{"line":168,"column":116}},"type":"binary-expr","locations":[{"start":{"line":168,"column":16},"end":{"line":168,"column":47}},{"start":{"line":168,"column":51},"end":{"line":168,"column":82}},{"start":{"line":168,"column":86},"end":{"line":168,"column":116}}],"line":168},"14":{"loc":{"start":{"line":183,"column":8},"end":{"line":185,"column":9}},"type":"if","locations":[{"start":{"line":183,"column":8},"end":{"line":185,"column":9}},{"start":{},"end":{}}],"line":183}},"s":{"0":3,"1":3,"2":3,"3":3,"4":1,"5":1,"6":1,"7":0,"8":1,"9":1,"10":1,"11":0,"12":0,"13":1,"14":1,"15":1,"16":0,"17":0,"18":3,"19":3,"20":3,"21":3,"22":3,"23":3,"24":3,"25":2,"26":2,"27":0,"28":0,"29":0,"30":0,"31":2,"32":2,"33":0,"34":0,"35":0,"36":0,"37":2,"38":2,"39":3,"40":3,"41":3,"42":3,"43":0,"44":0,"45":0,"46":2,"47":2,"48":2,"49":2,"50":2,"51":2,"52":2,"53":2,"54":2,"55":2,"56":2,"57":2,"58":2,"59":2,"60":2,"61":2,"62":2,"63":1,"64":1,"65":0,"66":0,"67":0,"68":0,"69":0,"70":1,"71":1,"72":0,"73":0,"74":0,"75":0,"76":1,"77":1,"78":2,"79":2,"80":2,"81":2,"82":0,"83":0,"84":0,"85":2,"86":2,"87":2,"88":2,"89":2,"90":2,"91":2,"92":2,"93":2,"94":1,"95":1,"96":0,"97":0,"98":0,"99":0,"100":1,"101":1,"102":0,"103":0,"104":0,"105":0,"106":1,"107":0,"108":1,"109":1,"110":2,"111":2,"112":2,"113":2,"114":0,"115":0,"116":0,"117":3},"f":{"0":1,"1":1,"2":3,"3":2,"4":2},"b":{"0":[0,1],"1":[0,2,0,0],"2":[0,0],"3":[0,0,0],"4":[2,0],"5":[2,0],"6":[2,0],"7":[2,0],"8":[0,1,0,0],"9":[0,0],"10":[0,0,0],"11":[0,1,0,0],"12":[0,0],"13":[0,0,0],"14":[0,1]},"_coverageSchema":"1a1c01bbd47fc00a2c39e90264f33305004495a9","hash":"75de18a9e00efe56ee3c62b12a19ebe03b7d1b40"}
,"D:\\hacktiv8\\phase-3\\paceful-server\\controllers\\AuthController.js": {"path":"D:\\hacktiv8\\phase-3\\paceful-server\\controllers\\AuthController.js","statementMap":{"0":{"start":{"line":1,"column":21},"end":{"line":1,"column":34}},"1":{"start":{"line":2,"column":28},"end":{"line":2,"column":56}},"2":{"start":{"line":3,"column":22},"end":{"line":3,"column":47}},"3":{"start":{"line":4,"column":30},"end":{"line":4,"column":50}},"4":{"start":{"line":5,"column":22},"end":{"line":5,"column":42}},"5":{"start":{"line":6,"column":25},"end":{"line":6,"column":55}},"6":{"start":{"line":9,"column":0},"end":{"line":138,"column":1}},"7":{"start":{"line":11,"column":51},"end":{"line":11,"column":59}},"8":{"start":{"line":13,"column":4},"end":{"line":44,"column":5}},"9":{"start":{"line":14,"column":21},"end":{"line":35,"column":8}},"10":{"start":{"line":17,"column":21},"end":{"line":23,"column":9}},"11":{"start":{"line":25,"column":28},"end":{"line":32,"column":9}},"12":{"start":{"line":34,"column":8},"end":{"line":34,"column":37}},"13":{"start":{"line":37,"column":6},"end":{"line":40,"column":9}},"14":{"start":{"line":42,"column":6},"end":{"line":42,"column":27}},"15":{"start":{"line":43,"column":6},"end":{"line":43,"column":18}},"16":{"start":{"line":48,"column":32},"end":{"line":48,"column":40}},"17":{"start":{"line":50,"column":4},"end":{"line":81,"column":5}},"18":{"start":{"line":51,"column":6},"end":{"line":53,"column":7}},"19":{"start":{"line":52,"column":8},"end":{"line":52,"column":67}},"20":{"start":{"line":55,"column":6},"end":{"line":57,"column":7}},"21":{"start":{"line":56,"column":8},"end":{"line":56,"column":70}},"22":{"start":{"line":59,"column":19},"end":{"line":61,"column":8}},"23":{"start":{"line":63,"column":6},"end":{"line":63,"column":24}},"24":{"start":{"line":65,"column":6},"end":{"line":67,"column":7}},"25":{"start":{"line":66,"column":8},"end":{"line":66,"column":77}},"26":{"start":{"line":69,"column":30},"end":{"line":69,"column":70}},"27":{"start":{"line":71,"column":6},"end":{"line":73,"column":7}},"28":{"start":{"line":72,"column":8},"end":{"line":72,"column":77}},"29":{"start":{"line":75,"column":27},"end":{"line":75,"column":72}},"30":{"start":{"line":77,"column":6},"end":{"line":77,"column":45}},"31":{"start":{"line":79,"column":6},"end":{"line":79,"column":25}},"32":{"start":{"line":80,"column":6},"end":{"line":80,"column":18}},"33":{"start":{"line":86,"column":18},"end":{"line":86,"column":58}},"34":{"start":{"line":87,"column":4},"end":{"line":89,"column":5}},"35":{"start":{"line":88,"column":6},"end":{"line":88,"column":67}},"36":{"start":{"line":90,"column":19},"end":{"line":90,"column":65}},"37":{"start":{"line":91,"column":4},"end":{"line":134,"column":5}},"38":{"start":{"line":92,"column":21},"end":{"line":95,"column":8}},"39":{"start":{"line":96,"column":22},"end":{"line":96,"column":41}},"40":{"start":{"line":98,"column":6},"end":{"line":100,"column":7}},"41":{"start":{"line":99,"column":8},"end":{"line":99,"column":78}},"42":{"start":{"line":103,"column":21},"end":{"line":125,"column":8}},"43":{"start":{"line":104,"column":32},"end":{"line":112,"column":10}},"44":{"start":{"line":114,"column":28},"end":{"line":122,"column":10}},"45":{"start":{"line":124,"column":8},"end":{"line":124,"column":35}},"46":{"start":{"line":127,"column":23},"end":{"line":127,"column":29}},"47":{"start":{"line":129,"column":27},"end":{"line":129,"column":72}},"48":{"start":{"line":130,"column":6},"end":{"line":130,"column":51}},"49":{"start":{"line":132,"column":6},"end":{"line":132,"column":22}},"50":{"start":{"line":133,"column":6},"end":{"line":133,"column":15}}},"fnMap":{"0":{"name":"(anonymous_0)","decl":{"start":{"line":10,"column":2},"end":{"line":10,"column":3}},"loc":{"start":{"line":10,"column":40},"end":{"line":45,"column":3}},"line":10},"1":{"name":"(anonymous_1)","decl":{"start":{"line":14,"column":49},"end":{"line":14,"column":50}},"loc":{"start":{"line":14,"column":62},"end":{"line":35,"column":7}},"line":14},"2":{"name":"(anonymous_2)","decl":{"start":{"line":47,"column":2},"end":{"line":47,"column":3}},"loc":{"start":{"line":47,"column":37},"end":{"line":82,"column":3}},"line":47},"3":{"name":"(anonymous_3)","decl":{"start":{"line":85,"column":2},"end":{"line":85,"column":3}},"loc":{"start":{"line":85,"column":43},"end":{"line":135,"column":3}},"line":85},"4":{"name":"(anonymous_4)","decl":{"start":{"line":103,"column":49},"end":{"line":103,"column":50}},"loc":{"start":{"line":103,"column":62},"end":{"line":125,"column":7}},"line":103}},"branchMap":{"0":{"loc":{"start":{"line":51,"column":6},"end":{"line":53,"column":7}},"type":"if","locations":[{"start":{"line":51,"column":6},"end":{"line":53,"column":7}},{"start":{},"end":{}}],"line":51},"1":{"loc":{"start":{"line":55,"column":6},"end":{"line":57,"column":7}},"type":"if","locations":[{"start":{"line":55,"column":6},"end":{"line":57,"column":7}},{"start":{},"end":{}}],"line":55},"2":{"loc":{"start":{"line":65,"column":6},"end":{"line":67,"column":7}},"type":"if","locations":[{"start":{"line":65,"column":6},"end":{"line":67,"column":7}},{"start":{},"end":{}}],"line":65},"3":{"loc":{"start":{"line":71,"column":6},"end":{"line":73,"column":7}},"type":"if","locations":[{"start":{"line":71,"column":6},"end":{"line":73,"column":7}},{"start":{},"end":{}}],"line":71},"4":{"loc":{"start":{"line":87,"column":4},"end":{"line":89,"column":5}},"type":"if","locations":[{"start":{"line":87,"column":4},"end":{"line":89,"column":5}},{"start":{},"end":{}}],"line":87},"5":{"loc":{"start":{"line":98,"column":6},"end":{"line":100,"column":7}},"type":"if","locations":[{"start":{"line":98,"column":6},"end":{"line":100,"column":7}},{"start":{},"end":{}}],"line":98},"6":{"loc":{"start":{"line":98,"column":10},"end":{"line":98,"column":41}},"type":"binary-expr","locations":[{"start":{"line":98,"column":10},"end":{"line":98,"column":24}},{"start":{"line":98,"column":28},"end":{"line":98,"column":41}}],"line":98}},"s":{"0":3,"1":3,"2":3,"3":3,"4":3,"5":3,"6":3,"7":0,"8":0,"9":0,"10":0,"11":0,"12":0,"13":0,"14":0,"15":0,"16":0,"17":0,"18":0,"19":0,"20":0,"21":0,"22":0,"23":0,"24":0,"25":0,"26":0,"27":0,"28":0,"29":0,"30":0,"31":0,"32":0,"33":0,"34":0,"35":0,"36":0,"37":0,"38":0,"39":0,"40":0,"41":0,"42":0,"43":0,"44":0,"45":0,"46":0,"47":0,"48":0,"49":0,"50":0},"f":{"0":0,"1":0,"2":0,"3":0,"4":0},"b":{"0":[0,0],"1":[0,0],"2":[0,0],"3":[0,0],"4":[0,0],"5":[0,0],"6":[0,0]},"_coverageSchema":"1a1c01bbd47fc00a2c39e90264f33305004495a9","hash":"98aba40180044e26cdadb8ad47be44d3da7b05d7"}
,"D:\\hacktiv8\\phase-3\\paceful-server\\controllers\\GoalController.js": {"path":"D:\\hacktiv8\\phase-3\\paceful-server\\controllers\\GoalController.js","statementMap":{"0":{"start":{"line":1,"column":14},"end":{"line":1,"column":40}},"1":{"start":{"line":2,"column":30},"end":{"line":2,"column":73}},"2":{"start":{"line":3,"column":27},"end":{"line":3,"column":48}},"3":{"start":{"line":4,"column":15},"end":{"line":4,"column":35}},"4":{"start":{"line":8,"column":4},"end":{"line":23,"column":5}},"5":{"start":{"line":9,"column":21},"end":{"line":9,"column":60}},"6":{"start":{"line":10,"column":6},"end":{"line":12,"column":7}},"7":{"start":{"line":11,"column":8},"end":{"line":11,"column":44}},"8":{"start":{"line":13,"column":20},"end":{"line":17,"column":8}},"9":{"start":{"line":18,"column":6},"end":{"line":18,"column":69}},"10":{"start":{"line":19,"column":6},"end":{"line":19,"column":22}},"11":{"start":{"line":21,"column":6},"end":{"line":21,"column":25}},"12":{"start":{"line":22,"column":6},"end":{"line":22,"column":18}},"13":{"start":{"line":27,"column":4},"end":{"line":38,"column":5}},"14":{"start":{"line":28,"column":20},"end":{"line":33,"column":8}},"15":{"start":{"line":34,"column":6},"end":{"line":34,"column":22}},"16":{"start":{"line":36,"column":6},"end":{"line":36,"column":25}},"17":{"start":{"line":37,"column":6},"end":{"line":37,"column":18}},"18":{"start":{"line":42,"column":4},"end":{"line":48,"column":5}},"19":{"start":{"line":43,"column":19},"end":{"line":43,"column":27}},"20":{"start":{"line":44,"column":6},"end":{"line":44,"column":21}},"21":{"start":{"line":46,"column":6},"end":{"line":46,"column":25}},"22":{"start":{"line":47,"column":6},"end":{"line":47,"column":18}},"23":{"start":{"line":52,"column":4},"end":{"line":60,"column":5}},"24":{"start":{"line":53,"column":19},"end":{"line":53,"column":27}},"25":{"start":{"line":54,"column":6},"end":{"line":54,"column":27}},"26":{"start":{"line":55,"column":6},"end":{"line":55,"column":46}},"27":{"start":{"line":56,"column":6},"end":{"line":56,"column":57}},"28":{"start":{"line":58,"column":6},"end":{"line":58,"column":25}},"29":{"start":{"line":59,"column":6},"end":{"line":59,"column":18}},"30":{"start":{"line":64,"column":48},"end":{"line":64,"column":56}},"31":{"start":{"line":65,"column":4},"end":{"line":78,"column":5}},"32":{"start":{"line":66,"column":19},"end":{"line":66,"column":27}},"33":{"start":{"line":67,"column":6},"end":{"line":67,"column":84}},"34":{"start":{"line":68,"column":6},"end":{"line":68,"column":76}},"35":{"start":{"line":69,"column":6},"end":{"line":69,"column":68}},"36":{"start":{"line":70,"column":6},"end":{"line":70,"column":60}},"37":{"start":{"line":71,"column":6},"end":{"line":71,"column":62}},"38":{"start":{"line":72,"column":6},"end":{"line":72,"column":24}},"39":{"start":{"line":73,"column":6},"end":{"line":73,"column":46}},"40":{"start":{"line":74,"column":6},"end":{"line":74,"column":21}},"41":{"start":{"line":76,"column":6},"end":{"line":76,"column":25}},"42":{"start":{"line":77,"column":6},"end":{"line":77,"column":18}},"43":{"start":{"line":82,"column":58},"end":{"line":82,"column":66}},"44":{"start":{"line":83,"column":4},"end":{"line":111,"column":5}},"45":{"start":{"line":84,"column":25},"end":{"line":84,"column":26}},"46":{"start":{"line":85,"column":25},"end":{"line":85,"column":159}},"47":{"start":{"line":86,"column":6},"end":{"line":104,"column":9}},"48":{"start":{"line":87,"column":8},"end":{"line":103,"column":9}},"49":{"start":{"line":89,"column":12},"end":{"line":92,"column":13}},"50":{"start":{"line":90,"column":28},"end":{"line":90,"column":66}},"51":{"start":{"line":91,"column":14},"end":{"line":91,"column":36}},"52":{"start":{"line":93,"column":12},"end":{"line":93,"column":18}},"53":{"start":{"line":95,"column":12},"end":{"line":95,"column":46}},"54":{"start":{"line":96,"column":12},"end":{"line":96,"column":18}},"55":{"start":{"line":98,"column":12},"end":{"line":98,"column":52}},"56":{"start":{"line":99,"column":12},"end":{"line":99,"column":18}},"57":{"start":{"line":101,"column":12},"end":{"line":101,"column":46}},"58":{"start":{"line":102,"column":12},"end":{"line":102,"column":18}},"59":{"start":{"line":105,"column":22},"end":{"line":105,"column":162}},"60":{"start":{"line":106,"column":6},"end":{"line":106,"column":46}},"61":{"start":{"line":107,"column":6},"end":{"line":107,"column":36}},"62":{"start":{"line":109,"column":6},"end":{"line":109,"column":25}},"63":{"start":{"line":110,"column":6},"end":{"line":110,"column":18}},"64":{"start":{"line":115,"column":0},"end":{"line":115,"column":32}}},"fnMap":{"0":{"name":"(anonymous_0)","decl":{"start":{"line":7,"column":2},"end":{"line":7,"column":3}},"loc":{"start":{"line":7,"column":39},"end":{"line":24,"column":3}},"line":7},"1":{"name":"(anonymous_1)","decl":{"start":{"line":26,"column":2},"end":{"line":26,"column":3}},"loc":{"start":{"line":26,"column":44},"end":{"line":39,"column":3}},"line":26},"2":{"name":"(anonymous_2)","decl":{"start":{"line":41,"column":2},"end":{"line":41,"column":3}},"loc":{"start":{"line":41,"column":40},"end":{"line":49,"column":3}},"line":41},"3":{"name":"(anonymous_3)","decl":{"start":{"line":51,"column":2},"end":{"line":51,"column":3}},"loc":{"start":{"line":51,"column":39},"end":{"line":61,"column":3}},"line":51},"4":{"name":"(anonymous_4)","decl":{"start":{"line":63,"column":2},"end":{"line":63,"column":3}},"loc":{"start":{"line":63,"column":38},"end":{"line":79,"column":3}},"line":63},"5":{"name":"(anonymous_5)","decl":{"start":{"line":81,"column":2},"end":{"line":81,"column":3}},"loc":{"start":{"line":81,"column":38},"end":{"line":112,"column":3}},"line":81},"6":{"name":"(anonymous_6)","decl":{"start":{"line":86,"column":25},"end":{"line":86,"column":26}},"loc":{"start":{"line":86,"column":39},"end":{"line":104,"column":7}},"line":86}},"branchMap":{"0":{"loc":{"start":{"line":10,"column":6},"end":{"line":12,"column":7}},"type":"if","locations":[{"start":{"line":10,"column":6},"end":{"line":12,"column":7}},{"start":{},"end":{}}],"line":10},"1":{"loc":{"start":{"line":67,"column":25},"end":{"line":67,"column":83}},"type":"cond-expr","locations":[{"start":{"line":67,"column":53},"end":{"line":67,"column":64}},{"start":{"line":67,"column":67},"end":{"line":67,"column":83}}],"line":67},"2":{"loc":{"start":{"line":68,"column":23},"end":{"line":68,"column":75}},"type":"cond-expr","locations":[{"start":{"line":68,"column":49},"end":{"line":68,"column":58}},{"start":{"line":68,"column":61},"end":{"line":68,"column":75}}],"line":68},"3":{"loc":{"start":{"line":69,"column":21},"end":{"line":69,"column":67}},"type":"cond-expr","locations":[{"start":{"line":69,"column":45},"end":{"line":69,"column":52}},{"start":{"line":69,"column":55},"end":{"line":69,"column":67}}],"line":69},"4":{"loc":{"start":{"line":87,"column":8},"end":{"line":103,"column":9}},"type":"switch","locations":[{"start":{"line":88,"column":10},"end":{"line":93,"column":18}},{"start":{"line":94,"column":10},"end":{"line":96,"column":18}},{"start":{"line":97,"column":10},"end":{"line":99,"column":18}},{"start":{"line":100,"column":10},"end":{"line":102,"column":18}}],"line":87},"5":{"loc":{"start":{"line":89,"column":12},"end":{"line":92,"column":13}},"type":"if","locations":[{"start":{"line":89,"column":12},"end":{"line":92,"column":13}},{"start":{},"end":{}}],"line":89},"6":{"loc":{"start":{"line":89,"column":16},"end":{"line":89,"column":116}},"type":"binary-expr","locations":[{"start":{"line":89,"column":16},"end":{"line":89,"column":47}},{"start":{"line":89,"column":51},"end":{"line":89,"column":82}},{"start":{"line":89,"column":86},"end":{"line":89,"column":116}}],"line":89}},"s":{"0":3,"1":3,"2":3,"3":3,"4":1,"5":1,"6":1,"7":0,"8":1,"9":1,"10":1,"11":0,"12":0,"13":1,"14":1,"15":1,"16":0,"17":0,"18":5,"19":5,"20":5,"21":0,"22":0,"23":1,"24":1,"25":1,"26":1,"27":1,"28":0,"29":0,"30":1,"31":1,"32":1,"33":1,"34":1,"35":1,"36":1,"37":1,"38":1,"39":1,"40":1,"41":0,"42":0,"43":4,"44":4,"45":4,"46":4,"47":4,"48":2,"49":0,"50":0,"51":0,"52":0,"53":0,"54":0,"55":1,"56":1,"57":1,"58":1,"59":4,"60":4,"61":4,"62":0,"63":0,"64":3},"f":{"0":1,"1":1,"2":5,"3":1,"4":1,"5":4,"6":2},"b":{"0":[0,1],"1":[1,0],"2":[1,0],"3":[1,0],"4":[0,0,1,1],"5":[0,0],"6":[0,0,0]},"_coverageSchema":"1a1c01bbd47fc00a2c39e90264f33305004495a9","hash":"bd2bf8b3b013a62d5daff9f37999898dcc9c3285"}
,"D:\\hacktiv8\\phase-3\\paceful-server\\controllers\\UsersController.js": {"path":"D:\\hacktiv8\\phase-3\\paceful-server\\controllers\\UsersController.js","statementMap":{"0":{"start":{"line":3,"column":0},"end":{"line":42,"column":2}},"1":{"start":{"line":5,"column":4},"end":{"line":17,"column":5}},"2":{"start":{"line":6,"column":36},"end":{"line":6,"column":44}},"3":{"start":{"line":7,"column":22},"end":{"line":7,"column":33}},"4":{"start":{"line":8,"column":6},"end":{"line":11,"column":9}},"5":{"start":{"line":13,"column":6},"end":{"line":13,"column":88}},"6":{"start":{"line":15,"column":6},"end":{"line":15,"column":27}},"7":{"start":{"line":16,"column":6},"end":{"line":16,"column":18}},"8":{"start":{"line":21,"column":4},"end":{"line":27,"column":5}},"9":{"start":{"line":22,"column":22},"end":{"line":22,"column":33}},"10":{"start":{"line":23,"column":6},"end":{"line":23,"column":46}},"11":{"start":{"line":25,"column":6},"end":{"line":25,"column":27}},"12":{"start":{"line":26,"column":6},"end":{"line":26,"column":18}},"13":{"start":{"line":31,"column":4},"end":{"line":39,"column":5}},"14":{"start":{"line":32,"column":19},"end":{"line":32,"column":27}},"15":{"start":{"line":33,"column":6},"end":{"line":33,"column":26}},"16":{"start":{"line":35,"column":6},"end":{"line":35,"column":85}},"17":{"start":{"line":37,"column":6},"end":{"line":37,"column":27}},"18":{"start":{"line":38,"column":6},"end":{"line":38,"column":18}}},"fnMap":{"0":{"name":"(anonymous_0)","decl":{"start":{"line":4,"column":2},"end":{"line":4,"column":3}},"loc":{"start":{"line":4,"column":45},"end":{"line":18,"column":3}},"line":4},"1":{"name":"(anonymous_1)","decl":{"start":{"line":20,"column":2},"end":{"line":20,"column":3}},"loc":{"start":{"line":20,"column":42},"end":{"line":28,"column":3}},"line":20},"2":{"name":"(anonymous_2)","decl":{"start":{"line":30,"column":2},"end":{"line":30,"column":3}},"loc":{"start":{"line":30,"column":45},"end":{"line":40,"column":3}},"line":30}},"branchMap":{},"s":{"0":3,"1":0,"2":0,"3":0,"4":0,"5":0,"6":0,"7":0,"8":0,"9":0,"10":0,"11":0,"12":0,"13":0,"14":0,"15":0,"16":0,"17":0,"18":0},"f":{"0":0,"1":0,"2":0},"b":{},"_coverageSchema":"1a1c01bbd47fc00a2c39e90264f33305004495a9","hash":"4d22cd300aa2bc1eb7417120882ad14a33254201"}
,"D:\\hacktiv8\\phase-3\\paceful-server\\helpers\\bcrypt.js": {"path":"D:\\hacktiv8\\phase-3\\paceful-server\\helpers\\bcrypt.js","statementMap":{"0":{"start":{"line":1,"column":15},"end":{"line":1,"column":32}},"1":{"start":{"line":4,"column":2},"end":{"line":4,"column":50}},"2":{"start":{"line":8,"column":2},"end":{"line":8,"column":55}},"3":{"start":{"line":11,"column":0},"end":{"line":11,"column":51}}},"fnMap":{"0":{"name":"hashPassword","decl":{"start":{"line":3,"column":9},"end":{"line":3,"column":21}},"loc":{"start":{"line":3,"column":43},"end":{"line":5,"column":1}},"line":3},"1":{"name":"comparePassword","decl":{"start":{"line":7,"column":9},"end":{"line":7,"column":24}},"loc":{"start":{"line":7,"column":52},"end":{"line":9,"column":1}},"line":7}},"branchMap":{},"s":{"0":3,"1":5,"2":0,"3":3},"f":{"0":5,"1":0},"b":{},"_coverageSchema":"1a1c01bbd47fc00a2c39e90264f33305004495a9","hash":"f71b5fa2812158dc5593f848bccd08a253f6a6f1"}
,"D:\\hacktiv8\\phase-3\\paceful-server\\helpers\\calculateCalories.js": {"path":"D:\\hacktiv8\\phase-3\\paceful-server\\helpers\\calculateCalories.js","statementMap":{"0":{"start":{"line":4,"column":21},"end":{"line":10,"column":3}},"1":{"start":{"line":13,"column":21},"end":{"line":13,"column":23}},"2":{"start":{"line":16,"column":26},"end":{"line":16,"column":39}},"3":{"start":{"line":19,"column":25},"end":{"line":19,"column":76}},"4":{"start":{"line":21,"column":2},"end":{"line":21,"column":36}},"5":{"start":{"line":24,"column":0},"end":{"line":24,"column":35}}},"fnMap":{"0":{"name":"calculateCalories","decl":{"start":{"line":2,"column":9},"end":{"line":2,"column":26}},"loc":{"start":{"line":2,"column":47},"end":{"line":22,"column":1}},"line":2}},"branchMap":{},"s":{"0":10,"1":10,"2":10,"3":10,"4":10,"5":3},"f":{"0":10},"b":{},"_coverageSchema":"1a1c01bbd47fc00a2c39e90264f33305004495a9","hash":"f8c587432fe005f2f6a475aa276ce6bd60f736b4"}
,"D:\\hacktiv8\\phase-3\\paceful-server\\helpers\\calculateCurrentValue.js": {"path":"D:\\hacktiv8\\phase-3\\paceful-server\\helpers\\calculateCurrentValue.js","statementMap":{"0":{"start":{"line":1,"column":21},"end":{"line":1,"column":42}},"1":{"start":{"line":2,"column":15},"end":{"line":2,"column":35}},"2":{"start":{"line":5,"column":21},"end":{"line":5,"column":22}},"3":{"start":{"line":6,"column":21},"end":{"line":6,"column":165}},"4":{"start":{"line":7,"column":2},"end":{"line":25,"column":3}},"5":{"start":{"line":8,"column":4},"end":{"line":24,"column":5}},"6":{"start":{"line":10,"column":8},"end":{"line":13,"column":9}},"7":{"start":{"line":11,"column":24},"end":{"line":11,"column":62}},"8":{"start":{"line":12,"column":10},"end":{"line":12,"column":32}},"9":{"start":{"line":14,"column":8},"end":{"line":14,"column":14}},"10":{"start":{"line":16,"column":8},"end":{"line":16,"column":42}},"11":{"start":{"line":17,"column":8},"end":{"line":17,"column":14}},"12":{"start":{"line":19,"column":8},"end":{"line":19,"column":48}},"13":{"start":{"line":20,"column":8},"end":{"line":20,"column":14}},"14":{"start":{"line":22,"column":8},"end":{"line":22,"column":42}},"15":{"start":{"line":23,"column":8},"end":{"line":23,"column":14}},"16":{"start":{"line":26,"column":2},"end":{"line":26,"column":22}},"17":{"start":{"line":29,"column":0},"end":{"line":29,"column":39}}},"fnMap":{"0":{"name":"calculateCurrentValue","decl":{"start":{"line":4,"column":15},"end":{"line":4,"column":36}},"loc":{"start":{"line":4,"column":43},"end":{"line":27,"column":1}},"line":4}},"branchMap":{"0":{"loc":{"start":{"line":8,"column":4},"end":{"line":24,"column":5}},"type":"switch","locations":[{"start":{"line":9,"column":6},"end":{"line":14,"column":14}},{"start":{"line":15,"column":6},"end":{"line":17,"column":14}},{"start":{"line":18,"column":6},"end":{"line":20,"column":14}},{"start":{"line":21,"column":6},"end":{"line":23,"column":14}}],"line":8},"1":{"loc":{"start":{"line":10,"column":8},"end":{"line":13,"column":9}},"type":"if","locations":[{"start":{"line":10,"column":8},"end":{"line":13,"column":9}},{"start":{},"end":{}}],"line":10},"2":{"loc":{"start":{"line":10,"column":12},"end":{"line":10,"column":112}},"type":"binary-expr","locations":[{"start":{"line":10,"column":12},"end":{"line":10,"column":43}},{"start":{"line":10,"column":47},"end":{"line":10,"column":78}},{"start":{"line":10,"column":82},"end":{"line":10,"column":112}}],"line":10}},"s":{"0":3,"1":3,"2":1,"3":1,"4":1,"5":0,"6":0,"7":0,"8":0,"9":0,"10":0,"11":0,"12":0,"13":0,"14":0,"15":0,"16":1,"17":3},"f":{"0":1},"b":{"0":[0,0,0,0],"1":[0,0],"2":[0,0,0]},"_coverageSchema":"1a1c01bbd47fc00a2c39e90264f33305004495a9","hash":"695c8da07e734b4f83b872f88b9fbc359b277916"}
,"D:\\hacktiv8\\phase-3\\paceful-server\\helpers\\jwt.js": {"path":"D:\\hacktiv8\\phase-3\\paceful-server\\helpers\\jwt.js","statementMap":{"0":{"start":{"line":1,"column":12},"end":{"line":1,"column":35}},"1":{"start":{"line":3,"column":19},"end":{"line":3,"column":41}},"2":{"start":{"line":5,"column":18},"end":{"line":7,"column":1}},"3":{"start":{"line":6,"column":2},"end":{"line":6,"column":38}},"4":{"start":{"line":9,"column":20},"end":{"line":11,"column":1}},"5":{"start":{"line":10,"column":2},"end":{"line":10,"column":38}},"6":{"start":{"line":13,"column":0},"end":{"line":16,"column":1}}},"fnMap":{"0":{"name":"(anonymous_0)","decl":{"start":{"line":5,"column":18},"end":{"line":5,"column":19}},"loc":{"start":{"line":5,"column":31},"end":{"line":7,"column":1}},"line":5},"1":{"name":"(anonymous_1)","decl":{"start":{"line":9,"column":20},"end":{"line":9,"column":21}},"loc":{"start":{"line":9,"column":31},"end":{"line":11,"column":1}},"line":9}},"branchMap":{},"s":{"0":3,"1":3,"2":3,"3":5,"4":3,"5":39,"6":3},"f":{"0":5,"1":39},"b":{},"_coverageSchema":"1a1c01bbd47fc00a2c39e90264f33305004495a9","hash":"26eef1f30f3b3930ba124456b48bc510916302dc"}
,"D:\\hacktiv8\\phase-3\\paceful-server\\middleware\\Authentication.js": {"path":"D:\\hacktiv8\\phase-3\\paceful-server\\middleware\\Authentication.js","statementMap":{"0":{"start":{"line":1,"column":17},"end":{"line":1,"column":37}},"1":{"start":{"line":2,"column":24},"end":{"line":2,"column":49}},"2":{"start":{"line":4,"column":0},"end":{"line":29,"column":2}},"3":{"start":{"line":6,"column":2},"end":{"line":28,"column":3}},"4":{"start":{"line":7,"column":24},"end":{"line":7,"column":49}},"5":{"start":{"line":8,"column":4},"end":{"line":10,"column":5}},"6":{"start":{"line":9,"column":6},"end":{"line":9,"column":42}},"7":{"start":{"line":12,"column":22},"end":{"line":12,"column":44}},"8":{"start":{"line":13,"column":4},"end":{"line":13,"column":40}},"9":{"start":{"line":15,"column":4},"end":{"line":17,"column":5}},"10":{"start":{"line":16,"column":6},"end":{"line":16,"column":42}},"11":{"start":{"line":18,"column":17},"end":{"line":18,"column":35}},"12":{"start":{"line":19,"column":17},"end":{"line":19,"column":45}},"13":{"start":{"line":20,"column":4},"end":{"line":22,"column":5}},"14":{"start":{"line":21,"column":6},"end":{"line":21,"column":42}},"15":{"start":{"line":23,"column":4},"end":{"line":23,"column":20}},"16":{"start":{"line":25,"column":4},"end":{"line":25,"column":11}},"17":{"start":{"line":27,"column":4},"end":{"line":27,"column":16}}},"fnMap":{"0":{"name":"authentication","decl":{"start":{"line":4,"column":32},"end":{"line":4,"column":46}},"loc":{"start":{"line":4,"column":63},"end":{"line":29,"column":1}},"line":4}},"branchMap":{"0":{"loc":{"start":{"line":8,"column":4},"end":{"line":10,"column":5}},"type":"if","locations":[{"start":{"line":8,"column":4},"end":{"line":10,"column":5}},{"start":{},"end":{}}],"line":8},"1":{"loc":{"start":{"line":15,"column":4},"end":{"line":17,"column":5}},"type":"if","locations":[{"start":{"line":15,"column":4},"end":{"line":17,"column":5}},{"start":{},"end":{}}],"line":15},"2":{"loc":{"start":{"line":20,"column":4},"end":{"line":22,"column":5}},"type":"if","locations":[{"start":{"line":20,"column":4},"end":{"line":22,"column":5}},{"start":{},"end":{}}],"line":20}},"s":{"0":3,"1":3,"2":3,"3":50,"4":50,"5":50,"6":11,"7":39,"8":39,"9":39,"10":0,"11":39,"12":30,"13":30,"14":0,"15":30,"16":30,"17":20},"f":{"0":50},"b":{"0":[11,39],"1":[0,39],"2":[0,30]},"_coverageSchema":"1a1c01bbd47fc00a2c39e90264f33305004495a9","hash":"1f0e756b418312094a40f32e0b8f82cb0b05353d"}
,"D:\\hacktiv8\\phase-3\\paceful-server\\middleware\\ErrorHandler.js": {"path":"D:\\hacktiv8\\phase-3\\paceful-server\\middleware\\ErrorHandler.js","statementMap":{"0":{"start":{"line":1,"column":0},"end":{"line":26,"column":2}},"1":{"start":{"line":2,"column":2},"end":{"line":25,"column":3}},"2":{"start":{"line":6,"column":6},"end":{"line":6,"column":63}},"3":{"start":{"line":7,"column":6},"end":{"line":7,"column":13}},"4":{"start":{"line":9,"column":6},"end":{"line":9,"column":53}},"5":{"start":{"line":10,"column":6},"end":{"line":10,"column":13}},"6":{"start":{"line":12,"column":6},"end":{"line":12,"column":53}},"7":{"start":{"line":13,"column":6},"end":{"line":13,"column":13}},"8":{"start":{"line":15,"column":6},"end":{"line":15,"column":53}},"9":{"start":{"line":16,"column":6},"end":{"line":16,"column":13}},"10":{"start":{"line":18,"column":6},"end":{"line":18,"column":57}},"11":{"start":{"line":19,"column":6},"end":{"line":19,"column":13}},"12":{"start":{"line":21,"column":6},"end":{"line":21,"column":53}},"13":{"start":{"line":22,"column":6},"end":{"line":22,"column":13}},"14":{"start":{"line":24,"column":6},"end":{"line":24,"column":65}}},"fnMap":{"0":{"name":"errorHandler","decl":{"start":{"line":1,"column":26},"end":{"line":1,"column":38}},"loc":{"start":{"line":1,"column":60},"end":{"line":26,"column":1}},"line":1}},"branchMap":{"0":{"loc":{"start":{"line":2,"column":2},"end":{"line":25,"column":3}},"type":"switch","locations":[{"start":{"line":3,"column":4},"end":{"line":3,"column":36}},{"start":{"line":4,"column":4},"end":{"line":4,"column":31}},{"start":{"line":5,"column":4},"end":{"line":7,"column":13}},{"start":{"line":8,"column":4},"end":{"line":10,"column":13}},{"start":{"line":11,"column":4},"end":{"line":13,"column":13}},{"start":{"line":14,"column":4},"end":{"line":16,"column":13}},{"start":{"line":17,"column":4},"end":{"line":19,"column":13}},{"start":{"line":20,"column":4},"end":{"line":22,"column":13}},{"start":{"line":23,"column":4},"end":{"line":24,"column":65}}],"line":2}},"s":{"0":3,"1":28,"2":0,"3":0,"4":0,"5":0,"6":0,"7":0,"8":4,"9":4,"10":20,"11":20,"12":4,"13":4,"14":0},"f":{"0":28},"b":{"0":[0,0,0,0,0,4,20,4,0]},"_coverageSchema":"1a1c01bbd47fc00a2c39e90264f33305004495a9","hash":"44a5731dde2b8e0c69173e2242d613bb3b494fb1"}
,"D:\\hacktiv8\\phase-3\\paceful-server\\middleware\\guardActivity.js": {"path":"D:\\hacktiv8\\phase-3\\paceful-server\\middleware\\guardActivity.js","statementMap":{"0":{"start":{"line":1,"column":21},"end":{"line":1,"column":41}},"1":{"start":{"line":3,"column":0},"end":{"line":26,"column":2}},"2":{"start":{"line":4,"column":13},"end":{"line":4,"column":26}},"3":{"start":{"line":6,"column":2},"end":{"line":25,"column":3}},"4":{"start":{"line":7,"column":15},"end":{"line":7,"column":23}},"5":{"start":{"line":9,"column":4},"end":{"line":11,"column":5}},"6":{"start":{"line":10,"column":6},"end":{"line":10,"column":72}},"7":{"start":{"line":12,"column":21},"end":{"line":12,"column":48}},"8":{"start":{"line":14,"column":4},"end":{"line":21,"column":5}},"9":{"start":{"line":15,"column":6},"end":{"line":15,"column":64}},"10":{"start":{"line":16,"column":11},"end":{"line":21,"column":5}},"11":{"start":{"line":17,"column":6},"end":{"line":17,"column":30}},"12":{"start":{"line":18,"column":6},"end":{"line":18,"column":20}},"13":{"start":{"line":20,"column":6},"end":{"line":20,"column":69}},"14":{"start":{"line":23,"column":4},"end":{"line":23,"column":23}},"15":{"start":{"line":24,"column":4},"end":{"line":24,"column":16}}},"fnMap":{"0":{"name":"guardActivity","decl":{"start":{"line":3,"column":32},"end":{"line":3,"column":45}},"loc":{"start":{"line":3,"column":62},"end":{"line":26,"column":1}},"line":3}},"branchMap":{"0":{"loc":{"start":{"line":9,"column":4},"end":{"line":11,"column":5}},"type":"if","locations":[{"start":{"line":9,"column":4},"end":{"line":11,"column":5}},{"start":{},"end":{}}],"line":9},"1":{"loc":{"start":{"line":14,"column":4},"end":{"line":21,"column":5}},"type":"if","locations":[{"start":{"line":14,"column":4},"end":{"line":21,"column":5}},{"start":{"line":16,"column":11},"end":{"line":21,"column":5}}],"line":14},"2":{"loc":{"start":{"line":16,"column":11},"end":{"line":21,"column":5}},"type":"if","locations":[{"start":{"line":16,"column":11},"end":{"line":21,"column":5}},{"start":{"line":19,"column":11},"end":{"line":21,"column":5}}],"line":16}},"s":{"0":3,"1":3,"2":9,"3":9,"4":9,"5":9,"6":0,"7":9,"8":9,"9":2,"10":7,"11":5,"12":5,"13":2,"14":4,"15":4},"f":{"0":9},"b":{"0":[0,9],"1":[2,7],"2":[5,2]},"_coverageSchema":"1a1c01bbd47fc00a2c39e90264f33305004495a9","hash":"dc73c1f375fe342b0b1d7886244421705c32692a"}
,"D:\\hacktiv8\\phase-3\\paceful-server\\middleware\\guardGoal.js": {"path":"D:\\hacktiv8\\phase-3\\paceful-server\\middleware\\guardGoal.js","statementMap":{"0":{"start":{"line":1,"column":30},"end":{"line":1,"column":50}},"1":{"start":{"line":3,"column":0},"end":{"line":26,"column":2}},"2":{"start":{"line":4,"column":13},"end":{"line":4,"column":26}},"3":{"start":{"line":6,"column":2},"end":{"line":25,"column":3}},"4":{"start":{"line":7,"column":15},"end":{"line":7,"column":23}},"5":{"start":{"line":9,"column":4},"end":{"line":11,"column":5}},"6":{"start":{"line":10,"column":6},"end":{"line":10,"column":72}},"7":{"start":{"line":12,"column":17},"end":{"line":12,"column":40}},"8":{"start":{"line":14,"column":4},"end":{"line":21,"column":5}},"9":{"start":{"line":15,"column":6},"end":{"line":15,"column":60}},"10":{"start":{"line":16,"column":11},"end":{"line":21,"column":5}},"11":{"start":{"line":17,"column":6},"end":{"line":17,"column":22}},"12":{"start":{"line":18,"column":6},"end":{"line":18,"column":20}},"13":{"start":{"line":20,"column":6},"end":{"line":20,"column":69}},"14":{"start":{"line":23,"column":4},"end":{"line":23,"column":23}},"15":{"start":{"line":24,"column":4},"end":{"line":24,"column":16}}},"fnMap":{"0":{"name":"guardGoal","decl":{"start":{"line":3,"column":32},"end":{"line":3,"column":41}},"loc":{"start":{"line":3,"column":58},"end":{"line":26,"column":1}},"line":3}},"branchMap":{"0":{"loc":{"start":{"line":9,"column":4},"end":{"line":11,"column":5}},"type":"if","locations":[{"start":{"line":9,"column":4},"end":{"line":11,"column":5}},{"start":{},"end":{}}],"line":9},"1":{"loc":{"start":{"line":14,"column":4},"end":{"line":21,"column":5}},"type":"if","locations":[{"start":{"line":14,"column":4},"end":{"line":21,"column":5}},{"start":{"line":16,"column":11},"end":{"line":21,"column":5}}],"line":14},"2":{"loc":{"start":{"line":16,"column":11},"end":{"line":21,"column":5}},"type":"if","locations":[{"start":{"line":16,"column":11},"end":{"line":21,"column":5}},{"start":{"line":19,"column":11},"end":{"line":21,"column":5}}],"line":16}},"s":{"0":3,"1":3,"2":11,"3":11,"4":11,"5":11,"6":0,"7":11,"8":11,"9":2,"10":9,"11":7,"12":7,"13":2,"14":4,"15":4},"f":{"0":11},"b":{"0":[0,11],"1":[2,9],"2":[7,2]},"_coverageSchema":"1a1c01bbd47fc00a2c39e90264f33305004495a9","hash":"e1f25cdb5000d50d8bf18e512dd0531d06416c76"}
,"D:\\hacktiv8\\phase-3\\paceful-server\\middleware\\guardProfile.js": {"path":"D:\\hacktiv8\\phase-3\\paceful-server\\middleware\\guardProfile.js","statementMap":{"0":{"start":{"line":1,"column":24},"end":{"line":1,"column":44}},"1":{"start":{"line":3,"column":0},"end":{"line":30,"column":2}},"2":{"start":{"line":6,"column":2},"end":{"line":29,"column":3}},"3":{"start":{"line":7,"column":15},"end":{"line":7,"column":23}},"4":{"start":{"line":9,"column":4},"end":{"line":11,"column":5}},"5":{"start":{"line":10,"column":6},"end":{"line":10,"column":72}},"6":{"start":{"line":13,"column":15},"end":{"line":13,"column":26}},"7":{"start":{"line":14,"column":20},"end":{"line":16,"column":6}},"8":{"start":{"line":18,"column":4},"end":{"line":25,"column":5}},"9":{"start":{"line":19,"column":6},"end":{"line":19,"column":63}},"10":{"start":{"line":20,"column":11},"end":{"line":25,"column":5}},"11":{"start":{"line":21,"column":6},"end":{"line":21,"column":28}},"12":{"start":{"line":22,"column":6},"end":{"line":22,"column":20}},"13":{"start":{"line":24,"column":6},"end":{"line":24,"column":69}},"14":{"start":{"line":27,"column":4},"end":{"line":27,"column":23}},"15":{"start":{"line":28,"column":4},"end":{"line":28,"column":16}}},"fnMap":{"0":{"name":"guardProfile","decl":{"start":{"line":3,"column":32},"end":{"line":3,"column":44}},"loc":{"start":{"line":3,"column":61},"end":{"line":30,"column":1}},"line":3}},"branchMap":{"0":{"loc":{"start":{"line":9,"column":4},"end":{"line":11,"column":5}},"type":"if","locations":[{"start":{"line":9,"column":4},"end":{"line":11,"column":5}},{"start":{},"end":{}}],"line":9},"1":{"loc":{"start":{"line":18,"column":4},"end":{"line":25,"column":5}},"type":"if","locations":[{"start":{"line":18,"column":4},"end":{"line":25,"column":5}},{"start":{"line":20,"column":11},"end":{"line":25,"column":5}}],"line":18},"2":{"loc":{"start":{"line":20,"column":11},"end":{"line":25,"column":5}},"type":"if","locations":[{"start":{"line":20,"column":11},"end":{"line":25,"column":5}},{"start":{"line":23,"column":11},"end":{"line":25,"column":5}}],"line":20}},"s":{"0":3,"1":3,"2":0,"3":0,"4":0,"5":0,"6":0,"7":0,"8":0,"9":0,"10":0,"11":0,"12":0,"13":0,"14":0,"15":0},"f":{"0":0},"b":{"0":[0,0],"1":[0,0],"2":[0,0]},"_coverageSchema":"1a1c01bbd47fc00a2c39e90264f33305004495a9","hash":"fbbc55c78f7034bd8c45b7605a0a52dbabf9d58f"}
,"D:\\hacktiv8\\phase-3\\paceful-server\\models\\activity.js": {"path":"D:\\hacktiv8\\phase-3\\paceful-server\\models\\activity.js","statementMap":{"0":{"start":{"line":2,"column":18},"end":{"line":2,"column":38}},"1":{"start":{"line":3,"column":0},"end":{"line":82,"column":2}},"2":{"start":{"line":6,"column":6},"end":{"line":6,"column":38}},"3":{"start":{"line":9,"column":2},"end":{"line":80,"column":4}},"4":{"start":{"line":81,"column":2},"end":{"line":81,"column":18}}},"fnMap":{"0":{"name":"(anonymous_0)","decl":{"start":{"line":3,"column":17},"end":{"line":3,"column":18}},"loc":{"start":{"line":3,"column":43},"end":{"line":82,"column":1}},"line":3},"1":{"name":"(anonymous_1)","decl":{"start":{"line":5,"column":4},"end":{"line":5,"column":5}},"loc":{"start":{"line":5,"column":29},"end":{"line":7,"column":5}},"line":5}},"branchMap":{},"s":{"0":3,"1":3,"2":3,"3":3,"4":3},"f":{"0":3,"1":3},"b":{},"_coverageSchema":"1a1c01bbd47fc00a2c39e90264f33305004495a9","hash":"86eb80630e20dcd0571c1bf6fc13a1ede7921e9f"}
,"D:\\hacktiv8\\phase-3\\paceful-server\\models\\goal.js": {"path":"D:\\hacktiv8\\phase-3\\paceful-server\\models\\goal.js","statementMap":{"0":{"start":{"line":2,"column":18},"end":{"line":2,"column":38}},"1":{"start":{"line":3,"column":0},"end":{"line":73,"column":2}},"2":{"start":{"line":6,"column":6},"end":{"line":6,"column":34}},"3":{"start":{"line":9,"column":2},"end":{"line":71,"column":4}},"4":{"start":{"line":72,"column":2},"end":{"line":72,"column":14}}},"fnMap":{"0":{"name":"(anonymous_0)","decl":{"start":{"line":3,"column":17},"end":{"line":3,"column":18}},"loc":{"start":{"line":3,"column":43},"end":{"line":73,"column":1}},"line":3},"1":{"name":"(anonymous_1)","decl":{"start":{"line":5,"column":4},"end":{"line":5,"column":5}},"loc":{"start":{"line":5,"column":29},"end":{"line":7,"column":5}},"line":5}},"branchMap":{},"s":{"0":3,"1":3,"2":3,"3":3,"4":3},"f":{"0":3,"1":3},"b":{},"_coverageSchema":"1a1c01bbd47fc00a2c39e90264f33305004495a9","hash":"81076b06e09236e1b202409fbe39c0a010d6de01"}
,"D:\\hacktiv8\\phase-3\\paceful-server\\models\\index.js": {"path":"D:\\hacktiv8\\phase-3\\paceful-server\\models\\index.js","statementMap":{"0":{"start":{"line":3,"column":11},"end":{"line":3,"column":24}},"1":{"start":{"line":4,"column":13},"end":{"line":4,"column":28}},"2":{"start":{"line":5,"column":18},"end":{"line":5,"column":38}},"3":{"start":{"line":6,"column":16},"end":{"line":6,"column":34}},"4":{"start":{"line":7,"column":17},"end":{"line":7,"column":42}},"5":{"start":{"line":8,"column":12},"end":{"line":8,"column":49}},"6":{"start":{"line":9,"column":15},"end":{"line":9,"column":65}},"7":{"start":{"line":10,"column":11},"end":{"line":10,"column":13}},"8":{"start":{"line":13,"column":0},"end":{"line":17,"column":1}},"9":{"start":{"line":14,"column":2},"end":{"line":14,"column":74}},"10":{"start":{"line":16,"column":2},"end":{"line":16,"column":87}},"11":{"start":{"line":19,"column":0},"end":{"line":32,"column":5}},"12":{"start":{"line":22,"column":4},"end":{"line":27,"column":6}},"13":{"start":{"line":30,"column":18},"end":{"line":30,"column":85}},"14":{"start":{"line":31,"column":4},"end":{"line":31,"column":27}},"15":{"start":{"line":34,"column":0},"end":{"line":38,"column":3}},"16":{"start":{"line":35,"column":2},"end":{"line":37,"column":3}},"17":{"start":{"line":36,"column":4},"end":{"line":36,"column":32}},"18":{"start":{"line":40,"column":0},"end":{"line":40,"column":25}},"19":{"start":{"line":41,"column":0},"end":{"line":41,"column":25}},"20":{"start":{"line":43,"column":0},"end":{"line":43,"column":20}}},"fnMap":{"0":{"name":"(anonymous_0)","decl":{"start":{"line":21,"column":10},"end":{"line":21,"column":11}},"loc":{"start":{"line":21,"column":18},"end":{"line":28,"column":3}},"line":21},"1":{"name":"(anonymous_1)","decl":{"start":{"line":29,"column":11},"end":{"line":29,"column":12}},"loc":{"start":{"line":29,"column":19},"end":{"line":32,"column":3}},"line":29},"2":{"name":"(anonymous_2)","decl":{"start":{"line":34,"column":24},"end":{"line":34,"column":25}},"loc":{"start":{"line":34,"column":37},"end":{"line":38,"column":1}},"line":34}},"branchMap":{"0":{"loc":{"start":{"line":8,"column":12},"end":{"line":8,"column":49}},"type":"binary-expr","locations":[{"start":{"line":8,"column":12},"end":{"line":8,"column":32}},{"start":{"line":8,"column":36},"end":{"line":8,"column":49}}],"line":8},"1":{"loc":{"start":{"line":13,"column":0},"end":{"line":17,"column":1}},"type":"if","locations":[{"start":{"line":13,"column":0},"end":{"line":17,"column":1}},{"start":{"line":15,"column":7},"end":{"line":17,"column":1}}],"line":13},"2":{"loc":{"start":{"line":23,"column":6},"end":{"line":26,"column":37}},"type":"binary-expr","locations":[{"start":{"line":23,"column":6},"end":{"line":23,"column":29}},{"start":{"line":24,"column":6},"end":{"line":24,"column":23}},{"start":{"line":25,"column":6},"end":{"line":25,"column":30}},{"start":{"line":26,"column":6},"end":{"line":26,"column":37}}],"line":23},"3":{"loc":{"start":{"line":35,"column":2},"end":{"line":37,"column":3}},"type":"if","locations":[{"start":{"line":35,"column":2},"end":{"line":37,"column":3}},{"start":{},"end":{}}],"line":35}},"s":{"0":3,"1":3,"2":3,"3":3,"4":3,"5":3,"6":3,"7":3,"8":3,"9":0,"10":3,"11":3,"12":15,"13":12,"14":12,"15":3,"16":12,"17":12,"18":3,"19":3,"20":3},"f":{"0":15,"1":12,"2":12},"b":{"0":[3,0],"1":[0,3],"2":[15,15,12,12],"3":[12,0]},"_coverageSchema":"1a1c01bbd47fc00a2c39e90264f33305004495a9","hash":"85adc99d53bc34a30fe9986d77aa27c52635be84"}
,"D:\\hacktiv8\\phase-3\\paceful-server\\models\\user.js": {"path":"D:\\hacktiv8\\phase-3\\paceful-server\\models\\user.js","statementMap":{"0":{"start":{"line":2,"column":18},"end":{"line":2,"column":38}},"1":{"start":{"line":3,"column":25},"end":{"line":3,"column":53}},"2":{"start":{"line":4,"column":0},"end":{"line":57,"column":2}},"3":{"start":{"line":7,"column":6},"end":{"line":7,"column":32}},"4":{"start":{"line":8,"column":6},"end":{"line":8,"column":36}},"5":{"start":{"line":9,"column":6},"end":{"line":9,"column":38}},"6":{"start":{"line":12,"column":2},"end":{"line":51,"column":4}},"7":{"start":{"line":52,"column":2},"end":{"line":55,"column":5}},"8":{"start":{"line":53,"column":27},"end":{"line":53,"column":54}},"9":{"start":{"line":54,"column":4},"end":{"line":54,"column":35}},"10":{"start":{"line":56,"column":2},"end":{"line":56,"column":14}}},"fnMap":{"0":{"name":"(anonymous_0)","decl":{"start":{"line":4,"column":17},"end":{"line":4,"column":18}},"loc":{"start":{"line":4,"column":43},"end":{"line":57,"column":1}},"line":4},"1":{"name":"(anonymous_1)","decl":{"start":{"line":6,"column":4},"end":{"line":6,"column":5}},"loc":{"start":{"line":6,"column":29},"end":{"line":10,"column":5}},"line":6},"2":{"name":"(anonymous_2)","decl":{"start":{"line":52,"column":20},"end":{"line":52,"column":21}},"loc":{"start":{"line":52,"column":30},"end":{"line":55,"column":3}},"line":52}},"branchMap":{},"s":{"0":3,"1":3,"2":3,"3":3,"4":3,"5":3,"6":3,"7":3,"8":5,"9":5,"10":3},"f":{"0":3,"1":3,"2":5},"b":{},"_coverageSchema":"1a1c01bbd47fc00a2c39e90264f33305004495a9","hash":"55cc6a29f731fbe3b39aab1f142bee0b7965cfc6"}
,"D:\\hacktiv8\\phase-3\\paceful-server\\models\\userprofile.js": {"path":"D:\\hacktiv8\\phase-3\\paceful-server\\models\\userprofile.js","statementMap":{"0":{"start":{"line":2,"column":18},"end":{"line":2,"column":38}},"1":{"start":{"line":3,"column":0},"end":{"line":58,"column":2}},"2":{"start":{"line":6,"column":6},"end":{"line":6,"column":41}},"3":{"start":{"line":9,"column":2},"end":{"line":56,"column":4}},"4":{"start":{"line":57,"column":2},"end":{"line":57,"column":21}}},"fnMap":{"0":{"name":"(anonymous_0)","decl":{"start":{"line":3,"column":17},"end":{"line":3,"column":18}},"loc":{"start":{"line":3,"column":43},"end":{"line":58,"column":1}},"line":3},"1":{"name":"(anonymous_1)","decl":{"start":{"line":5,"column":4},"end":{"line":5,"column":5}},"loc":{"start":{"line":5,"column":29},"end":{"line":7,"column":5}},"line":5}},"branchMap":{},"s":{"0":3,"1":3,"2":3,"3":3,"4":3},"f":{"0":3,"1":3},"b":{},"_coverageSchema":"1a1c01bbd47fc00a2c39e90264f33305004495a9","hash":"37a75cb1e5e31ac004721894a95204c1b40c2157"}
,"D:\\hacktiv8\\phase-3\\paceful-server\\routers\\activities.js": {"path":"D:\\hacktiv8\\phase-3\\paceful-server\\routers\\activities.js","statementMap":{"0":{"start":{"line":1,"column":16},"end":{"line":1,"column":34}},"1":{"start":{"line":2,"column":27},"end":{"line":2,"column":71}},"2":{"start":{"line":3,"column":22},"end":{"line":3,"column":60}},"3":{"start":{"line":4,"column":15},"end":{"line":4,"column":31}},"4":{"start":{"line":7,"column":0},"end":{"line":7,"column":44}},"5":{"start":{"line":8,"column":0},"end":{"line":8,"column":44}},"6":{"start":{"line":9,"column":0},"end":{"line":9,"column":63}},"7":{"start":{"line":10,"column":0},"end":{"line":10,"column":61}},"8":{"start":{"line":11,"column":0},"end":{"line":11,"column":65}},"9":{"start":{"line":13,"column":0},"end":{"line":13,"column":24}}},"fnMap":{},"branchMap":{},"s":{"0":3,"1":3,"2":3,"3":3,"4":3,"5":3,"6":3,"7":3,"8":3,"9":3},"f":{},"b":{},"_coverageSchema":"1a1c01bbd47fc00a2c39e90264f33305004495a9","hash":"6a5cef787909c41d322e1913423d115c1a96ff69"}
,"D:\\hacktiv8\\phase-3\\paceful-server\\routers\\auth.js": {"path":"D:\\hacktiv8\\phase-3\\paceful-server\\routers\\auth.js","statementMap":{"0":{"start":{"line":1,"column":23},"end":{"line":1,"column":63}},"1":{"start":{"line":3,"column":15},"end":{"line":3,"column":42}},"2":{"start":{"line":5,"column":0},"end":{"line":5,"column":50}},"3":{"start":{"line":6,"column":0},"end":{"line":6,"column":44}},"4":{"start":{"line":7,"column":0},"end":{"line":7,"column":56}},"5":{"start":{"line":10,"column":0},"end":{"line":10,"column":24}}},"fnMap":{},"branchMap":{},"s":{"0":3,"1":3,"2":3,"3":3,"4":3,"5":3},"f":{},"b":{},"_coverageSchema":"1a1c01bbd47fc00a2c39e90264f33305004495a9","hash":"b90cf29628a1ee322d07adeea170abd1787004a7"}
,"D:\\hacktiv8\\phase-3\\paceful-server\\routers\\goals.js": {"path":"D:\\hacktiv8\\phase-3\\paceful-server\\routers\\goals.js","statementMap":{"0":{"start":{"line":1,"column":16},"end":{"line":1,"column":34}},"1":{"start":{"line":2,"column":23},"end":{"line":2,"column":63}},"2":{"start":{"line":3,"column":18},"end":{"line":3,"column":52}},"3":{"start":{"line":4,"column":15},"end":{"line":4,"column":31}},"4":{"start":{"line":7,"column":0},"end":{"line":7,"column":40}},"5":{"start":{"line":8,"column":0},"end":{"line":8,"column":40}},"6":{"start":{"line":9,"column":0},"end":{"line":9,"column":53}},"7":{"start":{"line":10,"column":0},"end":{"line":10,"column":55}},"8":{"start":{"line":11,"column":0},"end":{"line":11,"column":53}},"9":{"start":{"line":12,"column":0},"end":{"line":12,"column":57}},"10":{"start":{"line":14,"column":0},"end":{"line":14,"column":24}}},"fnMap":{},"branchMap":{},"s":{"0":3,"1":3,"2":3,"3":3,"4":3,"5":3,"6":3,"7":3,"8":3,"9":3,"10":3},"f":{},"b":{},"_coverageSchema":"1a1c01bbd47fc00a2c39e90264f33305004495a9","hash":"462e7f3af27c4e613324fc8d294c9f0b7894bf13"}
,"D:\\hacktiv8\\phase-3\\paceful-server\\routers\\index.js": {"path":"D:\\hacktiv8\\phase-3\\paceful-server\\routers\\index.js","statementMap":{"0":{"start":{"line":1,"column":16},"end":{"line":1,"column":34}},"1":{"start":{"line":2,"column":15},"end":{"line":2,"column":31}},"2":{"start":{"line":4,"column":0},"end":{"line":4,"column":39}},"3":{"start":{"line":8,"column":0},"end":{"line":8,"column":52}},"4":{"start":{"line":9,"column":0},"end":{"line":9,"column":51}},"5":{"start":{"line":10,"column":0},"end":{"line":10,"column":41}},"6":{"start":{"line":11,"column":0},"end":{"line":11,"column":41}},"7":{"start":{"line":16,"column":0},"end":{"line":16,"column":24}}},"fnMap":{},"branchMap":{},"s":{"0":3,"1":3,"2":3,"3":3,"4":3,"5":3,"6":3,"7":3},"f":{},"b":{},"_coverageSchema":"1a1c01bbd47fc00a2c39e90264f33305004495a9","hash":"6bca8da125f71ad836041313f7ea6242bd66c729"}
,"D:\\hacktiv8\\phase-3\\paceful-server\\routers\\users.js": {"path":"D:\\hacktiv8\\phase-3\\paceful-server\\routers\\users.js","statementMap":{"0":{"start":{"line":2,"column":24},"end":{"line":2,"column":65}},"1":{"start":{"line":4,"column":15},"end":{"line":4,"column":42}},"2":{"start":{"line":6,"column":0},"end":{"line":6,"column":49}},"3":{"start":{"line":7,"column":0},"end":{"line":7,"column":54}},"4":{"start":{"line":8,"column":0},"end":{"line":8,"column":51}},"5":{"start":{"line":9,"column":0},"end":{"line":9,"column":57}},"6":{"start":{"line":11,"column":0},"end":{"line":11,"column":24}}},"fnMap":{},"branchMap":{},"s":{"0":3,"1":3,"2":3,"3":3,"4":3,"5":3,"6":3},"f":{},"b":{},"_coverageSchema":"1a1c01bbd47fc00a2c39e90264f33305004495a9","hash":"ed8ee2b0e52d5bc4aa8f00489a46d58fb6caae64"}
}
