TN:
SF:app.js
FNF:0
FNH:0
DA:1,3
DA:2,3
DA:4,3
DA:5,3
DA:6,3
DA:8,3
DA:10,3
DA:11,3
DA:12,3
DA:14,3
DA:16,3
DA:18,3
LF:12
LH:12
BRDA:1,0,0,3
BRDA:1,0,1,0
BRF:2
BRH:1
end_of_record
TN:
SF:config\redis.js
FNF:0
FNH:0
DA:1,3
DA:3,3
DA:11,3
LF:3
LH:3
BRF:0
BRH:0
end_of_record
TN:
SF:controllers\ActivityController.js
FN:7,(anonymous_0)
FN:27,(anonymous_1)
FN:37,(anonymous_2)
FN:84,(anonymous_3)
FN:147,(anonymous_4)
FNF:5
FNH:5
FNDA:1,(anonymous_0)
FNDA:1,(anonymous_1)
FNDA:3,(anonymous_2)
FNDA:2,(anonymous_3)
FNDA:2,(anonymous_4)
DA:1,3
DA:2,3
DA:3,3
DA:4,3
DA:8,1
DA:9,1
DA:10,1
DA:11,0
DA:14,1
DA:19,1
DA:20,1
DA:22,0
DA:23,0
DA:28,1
DA:29,1
DA:30,1
DA:32,0
DA:33,0
DA:38,3
DA:39,3
DA:41,3
DA:42,3
DA:43,3
DA:44,3
DA:51,3
DA:52,2
DA:53,2
DA:55,0
DA:56,0
DA:57,0
DA:59,0
DA:61,2
DA:62,2
DA:64,0
DA:65,0
DA:67,0
DA:68,0
DA:70,2
DA:71,2
DA:73,3
DA:74,3
DA:75,3
DA:76,3
DA:78,0
DA:79,0
DA:80,0
DA:85,2
DA:86,2
DA:87,2
DA:88,2
DA:89,2
DA:90,2
DA:91,2
DA:94,2
DA:95,2
DA:96,2
DA:98,2
DA:99,2
DA:100,2
DA:101,2
DA:103,2
DA:105,2
DA:113,2
DA:114,1
DA:115,1
DA:117,0
DA:118,0
DA:119,0
DA:120,0
DA:122,0
DA:124,1
DA:125,1
DA:127,0
DA:128,0
DA:130,0
DA:131,0
DA:133,1
DA:134,1
DA:136,2
DA:137,2
DA:138,2
DA:139,2
DA:141,0
DA:142,0
DA:143,0
DA:148,2
DA:149,2
DA:150,2
DA:151,2
DA:152,2
DA:153,2
DA:154,2
DA:156,2
DA:164,2
DA:165,1
DA:166,1
DA:168,0
DA:169,0
DA:170,0
DA:172,0
DA:174,1
DA:175,1
DA:177,0
DA:178,0
DA:180,0
DA:181,0
DA:183,1
DA:184,0
DA:186,1
DA:187,1
DA:189,2
DA:190,2
DA:191,2
DA:192,2
DA:194,0
DA:195,0
DA:196,0
DA:201,3
LF:118
LH:78
BRDA:10,0,0,0
BRDA:10,0,1,1
BRDA:53,1,0,0
BRDA:53,1,1,2
BRDA:53,1,2,0
BRDA:53,1,3,0
BRDA:55,2,0,0
BRDA:55,2,1,0
BRDA:55,3,0,0
BRDA:55,3,1,0
BRDA:55,3,2,0
BRDA:90,4,0,2
BRDA:90,4,1,0
BRDA:98,5,0,2
BRDA:98,5,1,0
BRDA:99,6,0,2
BRDA:99,6,1,0
BRDA:101,7,0,2
BRDA:101,7,1,0
BRDA:115,8,0,0
BRDA:115,8,1,1
BRDA:115,8,2,0
BRDA:115,8,3,0
BRDA:117,9,0,0
BRDA:117,9,1,0
BRDA:117,10,0,0
BRDA:117,10,1,0
BRDA:117,10,2,0
BRDA:166,11,0,0
BRDA:166,11,1,1
BRDA:166,11,2,0
BRDA:166,11,3,0
BRDA:168,12,0,0
BRDA:168,12,1,0
BRDA:168,13,0,0
BRDA:168,13,1,0
BRDA:168,13,2,0
BRDA:183,14,0,0
BRDA:183,14,1,1
BRF:39
BRH:9
end_of_record
TN:
SF:controllers\AuthController.js
FN:10,(anonymous_0)
FN:14,(anonymous_1)
FN:47,(anonymous_2)
FN:85,(anonymous_3)
FN:103,(anonymous_4)
FNF:5
FNH:0
FNDA:0,(anonymous_0)
FNDA:0,(anonymous_1)
FNDA:0,(anonymous_2)
FNDA:0,(anonymous_3)
FNDA:0,(anonymous_4)
DA:1,3
DA:2,3
DA:3,3
DA:4,3
DA:5,3
DA:6,3
DA:9,3
DA:11,0
DA:13,0
DA:14,0
DA:17,0
DA:25,0
DA:34,0
DA:37,0
DA:42,0
DA:43,0
DA:48,0
DA:50,0
DA:51,0
DA:52,0
DA:55,0
DA:56,0
DA:59,0
DA:63,0
DA:65,0
DA:66,0
DA:69,0
DA:71,0
DA:72,0
DA:75,0
DA:77,0
DA:79,0
DA:80,0
DA:86,0
DA:87,0
DA:88,0
DA:90,0
DA:91,0
DA:92,0
DA:96,0
DA:98,0
DA:99,0
DA:103,0
DA:104,0
DA:114,0
DA:124,0
DA:127,0
DA:129,0
DA:130,0
DA:132,0
DA:133,0
LF:51
LH:7
BRDA:51,0,0,0
BRDA:51,0,1,0
BRDA:55,1,0,0
BRDA:55,1,1,0
BRDA:65,2,0,0
BRDA:65,2,1,0
BRDA:71,3,0,0
BRDA:71,3,1,0
BRDA:87,4,0,0
BRDA:87,4,1,0
BRDA:98,5,0,0
BRDA:98,5,1,0
BRDA:98,6,0,0
BRDA:98,6,1,0
BRF:14
BRH:0
end_of_record
TN:
SF:controllers\GoalController.js
FN:7,(anonymous_0)
FN:26,(anonymous_1)
FN:41,(anonymous_2)
FN:51,(anonymous_3)
FN:63,(anonymous_4)
FN:81,(anonymous_5)
FN:86,(anonymous_6)
FNF:7
FNH:7
FNDA:1,(anonymous_0)
FNDA:1,(anonymous_1)
FNDA:5,(anonymous_2)
FNDA:1,(anonymous_3)
FNDA:1,(anonymous_4)
FNDA:4,(anonymous_5)
FNDA:2,(anonymous_6)
DA:1,3
DA:2,3
DA:3,3
DA:4,3
DA:8,1
DA:9,1
DA:10,1
DA:11,0
DA:13,1
DA:18,1
DA:19,1
DA:21,0
DA:22,0
DA:27,1
DA:28,1
DA:34,1
DA:36,0
DA:37,0
DA:42,5
DA:43,5
DA:44,5
DA:46,0
DA:47,0
DA:52,1
DA:53,1
DA:54,1
DA:55,1
DA:56,1
DA:58,0
DA:59,0
DA:64,1
DA:65,1
DA:66,1
DA:67,1
DA:68,1
DA:69,1
DA:70,1
DA:71,1
DA:72,1
DA:73,1
DA:74,1
DA:76,0
DA:77,0
DA:82,4
DA:83,4
DA:84,4
DA:85,4
DA:86,4
DA:87,2
DA:89,0
DA:90,0
DA:91,0
DA:93,0
DA:95,0
DA:96,0
DA:98,1
DA:99,1
DA:101,1
DA:102,1
DA:105,4
DA:106,4
DA:107,4
DA:109,0
DA:110,0
DA:115,3
LF:65
LH:46
BRDA:10,0,0,0
BRDA:10,0,1,1
BRDA:67,1,0,1
BRDA:67,1,1,0
BRDA:68,2,0,1
BRDA:68,2,1,0
BRDA:69,3,0,1
BRDA:69,3,1,0
BRDA:87,4,0,0
BRDA:87,4,1,0
BRDA:87,4,2,1
BRDA:87,4,3,1
BRDA:89,5,0,0
BRDA:89,5,1,0
BRDA:89,6,0,0
BRDA:89,6,1,0
BRDA:89,6,2,0
BRF:17
BRH:6
end_of_record
TN:
SF:controllers\UsersController.js
FN:4,(anonymous_0)
FN:20,(anonymous_1)
FN:30,(anonymous_2)
FNF:3
FNH:0
FNDA:0,(anonymous_0)
FNDA:0,(anonymous_1)
FNDA:0,(anonymous_2)
DA:3,3
DA:5,0
DA:6,0
DA:7,0
DA:8,0
DA:13,0
DA:15,0
DA:16,0
DA:21,0
DA:22,0
DA:23,0
DA:25,0
DA:26,0
DA:31,0
DA:32,0
DA:33,0
DA:35,0
DA:37,0
DA:38,0
LF:19
LH:1
BRF:0
BRH:0
end_of_record
TN:
SF:helpers\bcrypt.js
FN:3,hashPassword
FN:7,comparePassword
FNF:2
FNH:1
FNDA:5,hashPassword
FNDA:0,comparePassword
DA:1,3
DA:4,5
DA:8,0
DA:11,3
LF:4
LH:3
BRF:0
BRH:0
end_of_record
TN:
SF:helpers\calculateCalories.js
FN:2,calculateCalories
FNF:1
FNH:1
FNDA:10,calculateCalories
DA:4,10
DA:13,10
DA:16,10
DA:19,10
DA:21,10
DA:24,3
LF:6
LH:6
BRF:0
BRH:0
end_of_record
TN:
SF:helpers\calculateCurrentValue.js
FN:4,calculateCurrentValue
FNF:1
FNH:1
FNDA:1,calculateCurrentValue
DA:1,3
DA:2,3
DA:5,1
DA:6,1
DA:7,1
DA:8,0
DA:10,0
DA:11,0
DA:12,0
DA:14,0
DA:16,0
DA:17,0
DA:19,0
DA:20,0
DA:22,0
DA:23,0
DA:26,1
DA:29,3
LF:18
LH:7
BRDA:8,0,0,0
BRDA:8,0,1,0
BRDA:8,0,2,0
BRDA:8,0,3,0
BRDA:10,1,0,0
BRDA:10,1,1,0
BRDA:10,2,0,0
BRDA:10,2,1,0
BRDA:10,2,2,0
BRF:9
BRH:0
end_of_record
TN:
SF:helpers\jwt.js
FN:5,(anonymous_0)
FN:9,(anonymous_1)
FNF:2
FNH:2
FNDA:5,(anonymous_0)
FNDA:39,(anonymous_1)
DA:1,3
DA:3,3
DA:5,3
DA:6,5
DA:9,3
DA:10,39
DA:13,3
LF:7
LH:7
BRF:0
BRH:0
end_of_record
TN:
SF:middleware\Authentication.js
FN:4,authentication
FNF:1
FNH:1
FNDA:50,authentication
DA:1,3
DA:2,3
DA:4,3
DA:6,50
DA:7,50
DA:8,50
DA:9,11
DA:12,39
DA:13,39
DA:15,39
DA:16,0
DA:18,39
DA:19,30
DA:20,30
DA:21,0
DA:23,30
DA:25,30
DA:27,20
LF:18
LH:16
BRDA:8,0,0,11
BRDA:8,0,1,39
BRDA:15,1,0,0
BRDA:15,1,1,39
BRDA:20,2,0,0
BRDA:20,2,1,30
BRF:6
BRH:4
end_of_record
TN:
SF:middleware\ErrorHandler.js
FN:1,errorHandler
FNF:1
FNH:1
FNDA:28,errorHandler
DA:1,3
DA:2,28
DA:6,0
DA:7,0
DA:9,0
DA:10,0
DA:12,0
DA:13,0
DA:15,4
DA:16,4
DA:18,20
DA:19,20
DA:21,4
DA:22,4
DA:24,0
LF:15
LH:8
BRDA:2,0,0,0
BRDA:2,0,1,0
BRDA:2,0,2,0
BRDA:2,0,3,0
BRDA:2,0,4,0
BRDA:2,0,5,4
BRDA:2,0,6,20
BRDA:2,0,7,4
BRDA:2,0,8,0
BRF:9
BRH:3
end_of_record
TN:
SF:middleware\guardActivity.js
FN:3,guardActivity
FNF:1
FNH:1
FNDA:9,guardActivity
DA:1,3
DA:3,3
DA:4,9
DA:6,9
DA:7,9
DA:9,9
DA:10,0
DA:12,9
DA:14,9
DA:15,2
DA:16,7
DA:17,5
DA:18,5
DA:20,2
DA:23,4
DA:24,4
LF:16
LH:15
BRDA:9,0,0,0
BRDA:9,0,1,9
BRDA:14,1,0,2
BRDA:14,1,1,7
BRDA:16,2,0,5
BRDA:16,2,1,2
BRF:6
BRH:5
end_of_record
TN:
SF:middleware\guardGoal.js
FN:3,guardGoal
FNF:1
FNH:1
FNDA:11,guardGoal
DA:1,3
DA:3,3
DA:4,11
DA:6,11
DA:7,11
DA:9,11
DA:10,0
DA:12,11
DA:14,11
DA:15,2
DA:16,9
DA:17,7
DA:18,7
DA:20,2
DA:23,4
DA:24,4
LF:16
LH:15
BRDA:9,0,0,0
BRDA:9,0,1,11
BRDA:14,1,0,2
BRDA:14,1,1,9
BRDA:16,2,0,7
BRDA:16,2,1,2
BRF:6
BRH:5
end_of_record
TN:
SF:middleware\guardProfile.js
FN:3,guardProfile
FNF:1
FNH:0
FNDA:0,guardProfile
DA:1,3
DA:3,3
DA:6,0
DA:7,0
DA:9,0
DA:10,0
DA:13,0
DA:14,0
DA:18,0
DA:19,0
DA:20,0
DA:21,0
DA:22,0
DA:24,0
DA:27,0
DA:28,0
LF:16
LH:2
BRDA:9,0,0,0
BRDA:9,0,1,0
BRDA:18,1,0,0
BRDA:18,1,1,0
BRDA:20,2,0,0
BRDA:20,2,1,0
BRF:6
BRH:0
end_of_record
TN:
SF:models\activity.js
FN:3,(anonymous_0)
FN:5,(anonymous_1)
FNF:2
FNH:2
FNDA:3,(anonymous_0)
FNDA:3,(anonymous_1)
DA:2,3
DA:3,3
DA:6,3
DA:9,3
DA:81,3
LF:5
LH:5
BRF:0
BRH:0
end_of_record
TN:
SF:models\goal.js
FN:3,(anonymous_0)
FN:5,(anonymous_1)
FNF:2
FNH:2
FNDA:3,(anonymous_0)
FNDA:3,(anonymous_1)
DA:2,3
DA:3,3
DA:6,3
DA:9,3
DA:72,3
LF:5
LH:5
BRF:0
BRH:0
end_of_record
TN:
SF:models\index.js
FN:21,(anonymous_0)
FN:29,(anonymous_1)
FN:34,(anonymous_2)
FNF:3
FNH:3
FNDA:15,(anonymous_0)
FNDA:12,(anonymous_1)
FNDA:12,(anonymous_2)
DA:3,3
DA:4,3
DA:5,3
DA:6,3
DA:7,3
DA:8,3
DA:9,3
DA:10,3
DA:13,3
DA:14,0
DA:16,3
DA:19,3
DA:22,15
DA:30,12
DA:31,12
DA:34,3
DA:35,12
DA:36,12
DA:40,3
DA:41,3
DA:43,3
LF:21
LH:20
BRDA:8,0,0,3
BRDA:8,0,1,0
BRDA:13,1,0,0
BRDA:13,1,1,3
BRDA:23,2,0,15
BRDA:23,2,1,15
BRDA:23,2,2,12
BRDA:23,2,3,12
BRDA:35,3,0,12
BRDA:35,3,1,0
BRF:10
BRH:7
end_of_record
TN:
SF:models\user.js
FN:4,(anonymous_0)
FN:6,(anonymous_1)
FN:52,(anonymous_2)
FNF:3
FNH:3
FNDA:3,(anonymous_0)
FNDA:3,(anonymous_1)
FNDA:5,(anonymous_2)
DA:2,3
DA:3,3
DA:4,3
DA:7,3
DA:8,3
DA:9,3
DA:12,3
DA:52,3
DA:53,5
DA:54,5
DA:56,3
LF:11
LH:11
BRF:0
BRH:0
end_of_record
TN:
SF:models\userprofile.js
FN:3,(anonymous_0)
FN:5,(anonymous_1)
FNF:2
FNH:2
FNDA:3,(anonymous_0)
FNDA:3,(anonymous_1)
DA:2,3
DA:3,3
DA:6,3
DA:9,3
DA:57,3
LF:5
LH:5
BRF:0
BRH:0
end_of_record
TN:
SF:routers\activities.js
FNF:0
FNH:0
DA:1,3
DA:2,3
DA:3,3
DA:4,3
DA:7,3
DA:8,3
DA:9,3
DA:10,3
DA:11,3
DA:13,3
LF:10
LH:10
BRF:0
BRH:0
end_of_record
TN:
SF:routers\auth.js
FNF:0
FNH:0
DA:1,3
DA:3,3
DA:5,3
DA:6,3
DA:7,3
DA:10,3
LF:6
LH:6
BRF:0
BRH:0
end_of_record
TN:
SF:routers\goals.js
FNF:0
FNH:0
DA:1,3
DA:2,3
DA:3,3
DA:4,3
DA:7,3
DA:8,3
DA:9,3
DA:10,3
DA:11,3
DA:12,3
DA:14,3
LF:11
LH:11
BRF:0
BRH:0
end_of_record
TN:
SF:routers\index.js
FNF:0
FNH:0
DA:1,3
DA:2,3
DA:4,3
DA:8,3
DA:9,3
DA:10,3
DA:11,3
DA:16,3
LF:8
LH:8
BRF:0
BRH:0
end_of_record
TN:
SF:routers\users.js
FNF:0
FNH:0
DA:2,3
DA:4,3
DA:6,3
DA:7,3
DA:8,3
DA:9,3
DA:11,3
LF:7
LH:7
BRF:0
BRH:0
end_of_record
